d:\thoop\pingpong\debug\vcpkg.applocal.log
d:\thoop\pingpong\debug\vc142.pdb
d:\thoop\pingpong\debug\vc142.idb
d:\thoop\pingpong\debug\wall.obj
d:\thoop\pingpong\debug\paddle.obj
d:\thoop\pingpong\debug\ball.obj
d:\thoop\pingpong\debug\main.obj
d:\thoop\pingpong\debug\level.obj
d:\thoop\pingpong\debug\item.obj
d:\thoop\pingpong\debug\cmanager.obj
d:\thoop\pingpong\debug\brick.obj
d:\thoop\debug\1712923_1712929_pingpong.exe
d:\thoop\debug\1712923_1712929_pingpong.ilk
d:\thoop\debug\1712923_1712929_pingpong.pdb
d:\thoop\pingpong\debug\1712923_.c510a2fa.tlog\1712923_1712929_pingpong.write.1u.tlog
d:\thoop\pingpong\debug\1712923_.c510a2fa.tlog\cl.command.1.tlog
d:\thoop\pingpong\debug\1712923_.c510a2fa.tlog\cl.read.1.tlog
d:\thoop\pingpong\debug\1712923_.c510a2fa.tlog\cl.write.1.tlog
d:\thoop\pingpong\debug\1712923_.c510a2fa.tlog\link.command.1.tlog
d:\thoop\pingpong\debug\1712923_.c510a2fa.tlog\link.read.1.tlog
d:\thoop\pingpong\debug\1712923_.c510a2fa.tlog\link.write.1.tlog
